# JRE version: Java(TM) SE Runtime Environment (9.0+11) (build 9.0.4+11)
# Java VM: Java HotSpot(TM) 64-Bit Server VM (9.0.4+11, mixed mode, tiered, compressed oops, g1 gc, windows-amd64)
Heap:
 garbage-first heap   total 557056K, used 459021K [0x00000000c0000000, 0x00000000c0101100, 0x0000000100000000)
  region size 1024K, 124 young (126976K), 1 survivors (1024K)
 Metaspace       used 10060K, capacity 10326K, committed 10496K, reserved 1058816K
  class space    used 863K, capacity 946K, committed 1024K, reserved 1048576K
GC Heap History (10 events):
Event: 3168.712 GC heap before
{Heap before GC invocations=41936 (full 52):
 garbage-first heap   total 557056K, used 497935K [0x00000000c0000000, 0x00000000c0101100, 0x0000000100000000)
  region size 1024K, 161 young (164864K), 1 survivors (1024K)
 Metaspace       used 10052K, capacity 10294K, committed 10496K, reserved 1058816K
  class space    used 861K, capacity 914K, committed 1024K, reserved 1048576K
}
Event: 3168.712 GC heap after
{Heap after GC invocations=41937 (full 52):
 garbage-first heap   total 557056K, used 334060K [0x00000000c0000000, 0x00000000c0101100, 0x0000000100000000)
  region size 1024K, 1 young (1024K), 1 survivors (1024K)
 Metaspace       used 10052K, capacity 10294K, committed 10496K, reserved 1058816K
  class space    used 861K, capacity 914K, committed 1024K, reserved 1048576K
}
Event: 3168.844 GC heap before
{Heap before GC invocations=41937 (full 52):
 garbage-first heap   total 557056K, used 497900K [0x00000000c0000000, 0x00000000c0101100, 0x0000000100000000)
  region size 1024K, 161 young (164864K), 1 survivors (1024K)
 Metaspace       used 10052K, capacity 10294K, committed 10496K, reserved 1058816K
  class space    used 861K, capacity 914K, committed 1024K, reserved 1048576K
}
Event: 3168.844 GC heap after
{Heap after GC invocations=41938 (full 52):
 garbage-first heap   total 557056K, used 334056K [0x00000000c0000000, 0x00000000c0101100, 0x0000000100000000)
  region size 1024K, 1 young (1024K), 1 survivors (1024K)
 Metaspace       used 10052K, capacity 10294K, committed 10496K, reserved 1058816K
  class space    used 861K, capacity 914K, committed 1024K, reserved 1048576K
}
Event: 3168.957 GC heap before
{Heap before GC invocations=41939 (full 52):
 garbage-first heap   total 557056K, used 497896K [0x00000000c0000000, 0x00000000c0101100, 0x0000000100000000)
  region size 1024K, 161 young (164864K), 1 survivors (1024K)
 Metaspace       used 10052K, capacity 10294K, committed 10496K, reserved 1058816K
  class space    used 861K, capacity 914K, committed 1024K, reserved 1048576K
}
Event: 3168.957 GC heap after
{Heap after GC invocations=41940 (full 52):
 garbage-first heap   total 557056K, used 334093K [0x00000000c0000000, 0x00000000c0101100, 0x0000000100000000)
  region size 1024K, 1 young (1024K), 1 survivors (1024K)
 Metaspace       used 10052K, capacity 10294K, committed 10496K, reserved 1058816K
  class space    used 861K, capacity 914K, committed 1024K, reserved 1048576K
}
Event: 3169.056 GC heap before
{Heap before GC invocations=41940 (full 52):
 garbage-first heap   total 557056K, used 497933K [0x00000000c0000000, 0x00000000c0101100, 0x0000000100000000)
  region size 1024K, 161 young (164864K), 1 survivors (1024K)
 Metaspace       used 10052K, capacity 10294K, committed 10496K, reserved 1058816K
  class space    used 861K, capacity 914K, committed 1024K, reserved 1048576K
}
Event: 3169.057 GC heap after
{Heap after GC invocations=41941 (full 52):
 garbage-first heap   total 557056K, used 334044K [0x00000000c0000000, 0x00000000c0101100, 0x0000000100000000)
  region size 1024K, 1 young (1024K), 1 survivors (1024K)
 Metaspace       used 10052K, capacity 10294K, committed 10496K, reserved 1058816K
  class space    used 861K, capacity 914K, committed 1024K, reserved 1048576K
}
Event: 3169.165 GC heap before
{Heap before GC invocations=41941 (full 52):
 garbage-first heap   total 557056K, used 497884K [0x00000000c0000000, 0x00000000c0101100, 0x0000000100000000)
  region size 1024K, 161 young (164864K), 1 survivors (1024K)
 Metaspace       used 10052K, capacity 10294K, committed 10496K, reserved 1058816K
  class space    used 861K, capacity 914K, committed 1024K, reserved 1048576K
}
Event: 3169.165 GC heap after
{Heap after GC invocations=41942 (full 52):
 garbage-first heap   total 557056K, used 334093K [0x00000000c0000000, 0x00000000c0101100, 0x0000000100000000)
  region size 1024K, 1 young (1024K), 1 survivors (1024K)
 Metaspace       used 10052K, capacity 10294K, committed 10496K, reserved 1058816K
  class space    used 861K, capacity 914K, committed 1024K, reserved 1048576K
}

