# JRE version: Java(TM) SE Runtime Environment (9.0+11) (build 9.0.4+11)
# Java VM: Java HotSpot(TM) 64-Bit Server VM (9.0.4+11, mixed mode, tiered, compressed oops, g1 gc, windows-amd64)
Heap:
 garbage-first heap   total 555008K, used 366345K [0x00000000c0000000, 0x00000000c01010f0, 0x0000000100000000)
  region size 1024K, 34 young (34816K), 1 survivors (1024K)
 Metaspace       used 9845K, capacity 10106K, committed 10496K, reserved 1058816K
  class space    used 855K, capacity 916K, committed 1024K, reserved 1048576K
GC Heap History (10 events):
Event: 17.342 GC heap before
{Heap before GC invocations=108 (full 33):
 garbage-first heap   total 555008K, used 493697K [0x00000000c0000000, 0x00000000c01010f0, 0x0000000100000000)
  region size 1024K, 158 young (161792K), 1 survivors (1024K)
 Metaspace       used 9837K, capacity 10106K, committed 10496K, reserved 1058816K
  class space    used 853K, capacity 916K, committed 1024K, reserved 1048576K
}
Event: 17.342 GC heap after
{Heap after GC invocations=109 (full 33):
 garbage-first heap   total 555008K, used 333097K [0x00000000c0000000, 0x00000000c01010f0, 0x0000000100000000)
  region size 1024K, 1 young (1024K), 1 survivors (1024K)
 Metaspace       used 9837K, capacity 10106K, committed 10496K, reserved 1058816K
  class space    used 853K, capacity 916K, committed 1024K, reserved 1048576K
}
Event: 17.441 GC heap before
{Heap before GC invocations=109 (full 33):
 garbage-first heap   total 555008K, used 493865K [0x00000000c0000000, 0x00000000c01010f0, 0x0000000100000000)
  region size 1024K, 158 young (161792K), 1 survivors (1024K)
 Metaspace       used 9838K, capacity 10106K, committed 10496K, reserved 1058816K
  class space    used 853K, capacity 916K, committed 1024K, reserved 1048576K
}
Event: 17.442 GC heap after
{Heap after GC invocations=110 (full 33):
 garbage-first heap   total 555008K, used 333127K [0x00000000c0000000, 0x00000000c01010f0, 0x0000000100000000)
  region size 1024K, 1 young (1024K), 1 survivors (1024K)
 Metaspace       used 9838K, capacity 10106K, committed 10496K, reserved 1058816K
  class space    used 853K, capacity 916K, committed 1024K, reserved 1048576K
}
Event: 17.547 GC heap before
{Heap before GC invocations=110 (full 33):
 garbage-first heap   total 555008K, used 493895K [0x00000000c0000000, 0x00000000c01010f0, 0x0000000100000000)
  region size 1024K, 158 young (161792K), 1 survivors (1024K)
 Metaspace       used 9841K, capacity 10106K, committed 10496K, reserved 1058816K
  class space    used 854K, capacity 916K, committed 1024K, reserved 1048576K
}
Event: 17.548 GC heap after
{Heap after GC invocations=111 (full 33):
 garbage-first heap   total 555008K, used 333250K [0x00000000c0000000, 0x00000000c01010f0, 0x0000000100000000)
  region size 1024K, 1 young (1024K), 1 survivors (1024K)
 Metaspace       used 9841K, capacity 10106K, committed 10496K, reserved 1058816K
  class space    used 854K, capacity 916K, committed 1024K, reserved 1048576K
}
Event: 17.646 GC heap before
{Heap before GC invocations=111 (full 33):
 garbage-first heap   total 555008K, used 494018K [0x00000000c0000000, 0x00000000c01010f0, 0x0000000100000000)
  region size 1024K, 158 young (161792K), 1 survivors (1024K)
 Metaspace       used 9841K, capacity 10106K, committed 10496K, reserved 1058816K
  class space    used 854K, capacity 916K, committed 1024K, reserved 1048576K
}
Event: 17.647 GC heap after
{Heap after GC invocations=112 (full 33):
 garbage-first heap   total 555008K, used 333479K [0x00000000c0000000, 0x00000000c01010f0, 0x0000000100000000)
  region size 1024K, 1 young (1024K), 1 survivors (1024K)
 Metaspace       used 9841K, capacity 10106K, committed 10496K, reserved 1058816K
  class space    used 854K, capacity 916K, committed 1024K, reserved 1048576K
}
Event: 17.747 GC heap before
{Heap before GC invocations=113 (full 33):
 garbage-first heap   total 555008K, used 494247K [0x00000000c0000000, 0x00000000c01010f0, 0x0000000100000000)
  region size 1024K, 158 young (161792K), 1 survivors (1024K)
 Metaspace       used 9841K, capacity 10106K, committed 10496K, reserved 1058816K
  class space    used 854K, capacity 916K, committed 1024K, reserved 1048576K
}
Event: 17.748 GC heap after
{Heap after GC invocations=114 (full 33):
 garbage-first heap   total 555008K, used 333577K [0x00000000c0000000, 0x00000000c01010f0, 0x0000000100000000)
  region size 1024K, 1 young (1024K), 1 survivors (1024K)
 Metaspace       used 9841K, capacity 10106K, committed 10496K, reserved 1058816K
  class space    used 854K, capacity 916K, committed 1024K, reserved 1048576K
}

