# JRE version: Java(TM) SE Runtime Environment (9.0+11) (build 9.0.4+11)
# Java VM: Java HotSpot(TM) 64-Bit Server VM (9.0.4+11, mixed mode, tiered, compressed oops, g1 gc, windows-amd64)
Heap:
 garbage-first heap   total 557056K, used 437467K [0x00000000c0000000, 0x00000000c0101100, 0x0000000100000000)
  region size 1024K, 103 young (105472K), 1 survivors (1024K)
 Metaspace       used 10091K, capacity 10390K, committed 10496K, reserved 1058816K
  class space    used 865K, capacity 946K, committed 1024K, reserved 1048576K
GC Heap History (10 events):
Event: 3491.556 GC heap before
{Heap before GC invocations=41060 (full 57):
 garbage-first heap   total 557056K, used 497938K [0x00000000c0000000, 0x00000000c0101100, 0x0000000100000000)
  region size 1024K, 161 young (164864K), 1 survivors (1024K)
 Metaspace       used 10084K, capacity 10390K, committed 10496K, reserved 1058816K
  class space    used 863K, capacity 946K, committed 1024K, reserved 1048576K
}
Event: 3491.556 GC heap after
{Heap after GC invocations=41061 (full 57):
 garbage-first heap   total 557056K, used 334047K [0x00000000c0000000, 0x00000000c0101100, 0x0000000100000000)
  region size 1024K, 1 young (1024K), 1 survivors (1024K)
 Metaspace       used 10084K, capacity 10390K, committed 10496K, reserved 1058816K
  class space    used 863K, capacity 946K, committed 1024K, reserved 1048576K
}
Event: 3491.667 GC heap before
{Heap before GC invocations=41061 (full 57):
 garbage-first heap   total 557056K, used 497887K [0x00000000c0000000, 0x00000000c0101100, 0x0000000100000000)
  region size 1024K, 161 young (164864K), 1 survivors (1024K)
 Metaspace       used 10084K, capacity 10390K, committed 10496K, reserved 1058816K
  class space    used 863K, capacity 946K, committed 1024K, reserved 1048576K
}
Event: 3491.668 GC heap after
{Heap after GC invocations=41062 (full 57):
 garbage-first heap   total 557056K, used 334072K [0x00000000c0000000, 0x00000000c0101100, 0x0000000100000000)
  region size 1024K, 1 young (1024K), 1 survivors (1024K)
 Metaspace       used 10084K, capacity 10390K, committed 10496K, reserved 1058816K
  class space    used 863K, capacity 946K, committed 1024K, reserved 1048576K
}
Event: 3491.807 GC heap before
{Heap before GC invocations=41062 (full 57):
 garbage-first heap   total 557056K, used 497912K [0x00000000c0000000, 0x00000000c0101100, 0x0000000100000000)
  region size 1024K, 161 young (164864K), 1 survivors (1024K)
 Metaspace       used 10084K, capacity 10390K, committed 10496K, reserved 1058816K
  class space    used 863K, capacity 946K, committed 1024K, reserved 1048576K
}
Event: 3491.808 GC heap after
{Heap after GC invocations=41063 (full 57):
 garbage-first heap   total 557056K, used 334047K [0x00000000c0000000, 0x00000000c0101100, 0x0000000100000000)
  region size 1024K, 1 young (1024K), 1 survivors (1024K)
 Metaspace       used 10084K, capacity 10390K, committed 10496K, reserved 1058816K
  class space    used 863K, capacity 946K, committed 1024K, reserved 1048576K
}
Event: 3491.932 GC heap before
{Heap before GC invocations=41064 (full 57):
 garbage-first heap   total 557056K, used 497887K [0x00000000c0000000, 0x00000000c0101100, 0x0000000100000000)
  region size 1024K, 161 young (164864K), 1 survivors (1024K)
 Metaspace       used 10084K, capacity 10390K, committed 10496K, reserved 1058816K
  class space    used 863K, capacity 946K, committed 1024K, reserved 1048576K
}
Event: 3491.932 GC heap after
{Heap after GC invocations=41065 (full 57):
 garbage-first heap   total 557056K, used 334077K [0x00000000c0000000, 0x00000000c0101100, 0x0000000100000000)
  region size 1024K, 1 young (1024K), 1 survivors (1024K)
 Metaspace       used 10084K, capacity 10390K, committed 10496K, reserved 1058816K
  class space    used 863K, capacity 946K, committed 1024K, reserved 1048576K
}
Event: 3492.043 GC heap before
{Heap before GC invocations=41065 (full 57):
 garbage-first heap   total 557056K, used 497917K [0x00000000c0000000, 0x00000000c0101100, 0x0000000100000000)
  region size 1024K, 161 young (164864K), 1 survivors (1024K)
 Metaspace       used 10084K, capacity 10390K, committed 10496K, reserved 1058816K
  class space    used 863K, capacity 946K, committed 1024K, reserved 1048576K
}
Event: 3492.044 GC heap after
{Heap after GC invocations=41066 (full 57):
 garbage-first heap   total 557056K, used 334043K [0x00000000c0000000, 0x00000000c0101100, 0x0000000100000000)
  region size 1024K, 1 young (1024K), 1 survivors (1024K)
 Metaspace       used 10084K, capacity 10390K, committed 10496K, reserved 1058816K
  class space    used 863K, capacity 946K, committed 1024K, reserved 1048576K
}

