# JRE version: Java(TM) SE Runtime Environment (9.0+11) (build 9.0.4+11)
# Java VM: Java HotSpot(TM) 64-Bit Server VM (9.0.4+11, mixed mode, tiered, compressed oops, g1 gc, windows-amd64)
Heap:
 garbage-first heap   total 558080K, used 335273K [0x00000000c0000000, 0x00000000c0101108, 0x0000000100000000)
  region size 1024K, 2 young (2048K), 0 survivors (0K)
 Metaspace       used 9995K, capacity 10266K, committed 10496K, reserved 1058816K
  class space    used 861K, capacity 948K, committed 1024K, reserved 1048576K
GC Heap History (10 events):
Event: 167.444 GC heap before
{Heap before GC invocations=1710 (full 21):
 garbage-first heap   total 558080K, used 498140K [0x00000000c0000000, 0x00000000c0101108, 0x0000000100000000)
  region size 1024K, 161 young (164864K), 1 survivors (1024K)
 Metaspace       used 9988K, capacity 10234K, committed 10496K, reserved 1058816K
  class space    used 859K, capacity 916K, committed 1024K, reserved 1048576K
}
Event: 167.444 GC heap after
{Heap after GC invocations=1711 (full 21):
 garbage-first heap   total 558080K, used 334321K [0x00000000c0000000, 0x00000000c0101108, 0x0000000100000000)
  region size 1024K, 1 young (1024K), 1 survivors (1024K)
 Metaspace       used 9988K, capacity 10234K, committed 10496K, reserved 1058816K
  class space    used 859K, capacity 916K, committed 1024K, reserved 1048576K
}
Event: 167.563 GC heap before
{Heap before GC invocations=1711 (full 21):
 garbage-first heap   total 558080K, used 498161K [0x00000000c0000000, 0x00000000c0101108, 0x0000000100000000)
  region size 1024K, 161 young (164864K), 1 survivors (1024K)
 Metaspace       used 9988K, capacity 10234K, committed 10496K, reserved 1058816K
  class space    used 859K, capacity 916K, committed 1024K, reserved 1048576K
}
Event: 167.563 GC heap after
{Heap after GC invocations=1712 (full 21):
 garbage-first heap   total 558080K, used 334301K [0x00000000c0000000, 0x00000000c0101108, 0x0000000100000000)
  region size 1024K, 1 young (1024K), 1 survivors (1024K)
 Metaspace       used 9988K, capacity 10234K, committed 10496K, reserved 1058816K
  class space    used 859K, capacity 916K, committed 1024K, reserved 1048576K
}
Event: 167.708 GC heap before
{Heap before GC invocations=1712 (full 21):
 garbage-first heap   total 558080K, used 498141K [0x00000000c0000000, 0x00000000c0101108, 0x0000000100000000)
  region size 1024K, 161 young (164864K), 1 survivors (1024K)
 Metaspace       used 9988K, capacity 10234K, committed 10496K, reserved 1058816K
  class space    used 859K, capacity 916K, committed 1024K, reserved 1048576K
}
Event: 167.708 GC heap after
{Heap after GC invocations=1713 (full 21):
 garbage-first heap   total 558080K, used 334254K [0x00000000c0000000, 0x00000000c0101108, 0x0000000100000000)
  region size 1024K, 1 young (1024K), 1 survivors (1024K)
 Metaspace       used 9988K, capacity 10234K, committed 10496K, reserved 1058816K
  class space    used 859K, capacity 916K, committed 1024K, reserved 1048576K
}
Event: 167.724 GC heap before
{Heap before GC invocations=1713 (full 21):
 garbage-first heap   total 558080K, used 351662K [0x00000000c0000000, 0x00000000c0101108, 0x0000000100000000)
  region size 1024K, 19 young (19456K), 1 survivors (1024K)
 Metaspace       used 9988K, capacity 10234K, committed 10496K, reserved 1058816K
  class space    used 859K, capacity 916K, committed 1024K, reserved 1048576K
}
Event: 168.274 GC heap after
{Heap after GC invocations=1714 (full 22):
 garbage-first heap   total 558080K, used 334246K [0x00000000c0000000, 0x00000000c0101108, 0x0000000100000000)
  region size 1024K, 0 young (0K), 0 survivors (0K)
 Metaspace       used 9988K, capacity 10234K, committed 10496K, reserved 1058816K
  class space    used 859K, capacity 916K, committed 1024K, reserved 1048576K
}
Event: 168.289 GC heap before
{Heap before GC invocations=1714 (full 22):
 garbage-first heap   total 558080K, used 360870K [0x00000000c0000000, 0x00000000c0101108, 0x0000000100000000)
  region size 1024K, 27 young (27648K), 0 survivors (0K)
 Metaspace       used 9991K, capacity 10234K, committed 10496K, reserved 1058816K
  class space    used 860K, capacity 916K, committed 1024K, reserved 1048576K
}
Event: 168.930 GC heap after
{Heap after GC invocations=1715 (full 23):
 garbage-first heap   total 558080K, used 334249K [0x00000000c0000000, 0x00000000c0101108, 0x0000000100000000)
  region size 1024K, 0 young (0K), 0 survivors (0K)
 Metaspace       used 9991K, capacity 10234K, committed 10496K, reserved 1058816K
  class space    used 860K, capacity 916K, committed 1024K, reserved 1048576K
}

