# JRE version: Java(TM) SE Runtime Environment (9.0+11) (build 9.0.4+11)
# Java VM: Java HotSpot(TM) 64-Bit Server VM (9.0.4+11, mixed mode, tiered, compressed oops, g1 gc, windows-amd64)
Heap:
 garbage-first heap   total 643072K, used 489956K [0x00000000c0000000, 0x00000000c01013a0, 0x0000000100000000)
  region size 1024K, 154 young (157696K), 1 survivors (1024K)
 Metaspace       used 10012K, capacity 10266K, committed 10496K, reserved 1058816K
  class space    used 863K, capacity 948K, committed 1024K, reserved 1048576K
GC Heap History (10 events):
Event: 29.494 GC heap before
{Heap before GC invocations=136 (full 29):
 garbage-first heap   total 643072K, used 575931K [0x00000000c0000000, 0x00000000c01013a0, 0x0000000100000000)
  region size 1024K, 237 young (242688K), 1 survivors (1024K)
 Metaspace       used 10003K, capacity 10266K, committed 10496K, reserved 1058816K
  class space    used 861K, capacity 948K, committed 1024K, reserved 1048576K
}
Event: 29.495 GC heap after
{Heap after GC invocations=137 (full 29):
 garbage-first heap   total 643072K, used 334308K [0x00000000c0000000, 0x00000000c01013a0, 0x0000000100000000)
  region size 1024K, 1 young (1024K), 1 survivors (1024K)
 Metaspace       used 10003K, capacity 10266K, committed 10496K, reserved 1058816K
  class space    used 861K, capacity 948K, committed 1024K, reserved 1048576K
}
Event: 29.682 GC heap before
{Heap before GC invocations=137 (full 29):
 garbage-first heap   total 643072K, used 575972K [0x00000000c0000000, 0x00000000c01013a0, 0x0000000100000000)
  region size 1024K, 237 young (242688K), 1 survivors (1024K)
 Metaspace       used 10003K, capacity 10266K, committed 10496K, reserved 1058816K
  class space    used 861K, capacity 948K, committed 1024K, reserved 1048576K
}
Event: 29.683 GC heap after
{Heap after GC invocations=138 (full 29):
 garbage-first heap   total 643072K, used 334496K [0x00000000c0000000, 0x00000000c01013a0, 0x0000000100000000)
  region size 1024K, 1 young (1024K), 1 survivors (1024K)
 Metaspace       used 10003K, capacity 10266K, committed 10496K, reserved 1058816K
  class space    used 861K, capacity 948K, committed 1024K, reserved 1048576K
}
Event: 29.881 GC heap before
{Heap before GC invocations=138 (full 29):
 garbage-first heap   total 643072K, used 576160K [0x00000000c0000000, 0x00000000c01013a0, 0x0000000100000000)
  region size 1024K, 237 young (242688K), 1 survivors (1024K)
 Metaspace       used 10003K, capacity 10266K, committed 10496K, reserved 1058816K
  class space    used 861K, capacity 948K, committed 1024K, reserved 1048576K
}
Event: 29.881 GC heap after
{Heap after GC invocations=139 (full 29):
 garbage-first heap   total 643072K, used 334358K [0x00000000c0000000, 0x00000000c01013a0, 0x0000000100000000)
  region size 1024K, 1 young (1024K), 1 survivors (1024K)
 Metaspace       used 10003K, capacity 10266K, committed 10496K, reserved 1058816K
  class space    used 861K, capacity 948K, committed 1024K, reserved 1048576K
}
Event: 30.069 GC heap before
{Heap before GC invocations=140 (full 29):
 garbage-first heap   total 643072K, used 576022K [0x00000000c0000000, 0x00000000c01013a0, 0x0000000100000000)
  region size 1024K, 237 young (242688K), 1 survivors (1024K)
 Metaspace       used 10003K, capacity 10266K, committed 10496K, reserved 1058816K
  class space    used 861K, capacity 948K, committed 1024K, reserved 1048576K
}
Event: 30.070 GC heap after
{Heap after GC invocations=141 (full 29):
 garbage-first heap   total 643072K, used 334309K [0x00000000c0000000, 0x00000000c01013a0, 0x0000000100000000)
  region size 1024K, 1 young (1024K), 1 survivors (1024K)
 Metaspace       used 10003K, capacity 10266K, committed 10496K, reserved 1058816K
  class space    used 861K, capacity 948K, committed 1024K, reserved 1048576K
}
Event: 30.281 GC heap before
{Heap before GC invocations=141 (full 29):
 garbage-first heap   total 643072K, used 575973K [0x00000000c0000000, 0x00000000c01013a0, 0x0000000100000000)
  region size 1024K, 237 young (242688K), 1 survivors (1024K)
 Metaspace       used 10003K, capacity 10266K, committed 10496K, reserved 1058816K
  class space    used 861K, capacity 948K, committed 1024K, reserved 1048576K
}
Event: 30.281 GC heap after
{Heap after GC invocations=142 (full 29):
 garbage-first heap   total 643072K, used 334308K [0x00000000c0000000, 0x00000000c01013a0, 0x0000000100000000)
  region size 1024K, 1 young (1024K), 1 survivors (1024K)
 Metaspace       used 10003K, capacity 10266K, committed 10496K, reserved 1058816K
  class space    used 861K, capacity 948K, committed 1024K, reserved 1048576K
}

