# JRE version: Java(TM) SE Runtime Environment (9.0+11) (build 9.0.4+11)
# Java VM: Java HotSpot(TM) 64-Bit Server VM (9.0.4+11, mixed mode, tiered, compressed oops, g1 gc, windows-amd64)
Heap:
 garbage-first heap   total 555008K, used 417868K [0x00000000c0000000, 0x00000000c01010f0, 0x0000000100000000)
  region size 1024K, 85 young (87040K), 1 survivors (1024K)
 Metaspace       used 9827K, capacity 10042K, committed 10240K, reserved 1058816K
  class space    used 855K, capacity 916K, committed 1024K, reserved 1048576K
GC Heap History (10 events):
Event: 9.765 GC heap before
{Heap before GC invocations=78 (full 24):
 garbage-first heap   total 553984K, used 476624K [0x00000000c0000000, 0x00000000c01010e8, 0x0000000100000000)
  region size 1024K, 141 young (144384K), 0 survivors (0K)
 Metaspace       used 9783K, capacity 10042K, committed 10240K, reserved 1058816K
  class space    used 853K, capacity 916K, committed 1024K, reserved 1048576K
}
Event: 9.766 GC heap after
{Heap after GC invocations=79 (full 24):
 garbage-first heap   total 553984K, used 332643K [0x00000000c0000000, 0x00000000c01010e8, 0x0000000100000000)
  region size 1024K, 1 young (1024K), 1 survivors (1024K)
 Metaspace       used 9783K, capacity 10042K, committed 10240K, reserved 1058816K
  class space    used 853K, capacity 916K, committed 1024K, reserved 1048576K
}
Event: 9.773 GC heap before
{Heap before GC invocations=79 (full 24):
 garbage-first heap   total 553984K, used 338787K [0x00000000c0000000, 0x00000000c01010e8, 0x0000000100000000)
  region size 1024K, 8 young (8192K), 1 survivors (1024K)
 Metaspace       used 9783K, capacity 10042K, committed 10240K, reserved 1058816K
  class space    used 853K, capacity 916K, committed 1024K, reserved 1048576K
}
Event: 10.513 GC heap after
{Heap after GC invocations=80 (full 25):
 garbage-first heap   total 555008K, used 332467K [0x00000000c0000000, 0x00000000c01010f0, 0x0000000100000000)
  region size 1024K, 0 young (0K), 0 survivors (0K)
 Metaspace       used 9783K, capacity 10042K, committed 10240K, reserved 1058816K
  class space    used 853K, capacity 916K, committed 1024K, reserved 1048576K
}
Event: 10.611 GC heap before
{Heap before GC invocations=80 (full 25):
 garbage-first heap   total 555008K, used 480947K [0x00000000c0000000, 0x00000000c01010f0, 0x0000000100000000)
  region size 1024K, 145 young (148480K), 0 survivors (0K)
 Metaspace       used 9787K, capacity 10042K, committed 10240K, reserved 1058816K
  class space    used 853K, capacity 916K, committed 1024K, reserved 1048576K
}
Event: 10.611 GC heap after
{Heap after GC invocations=81 (full 25):
 garbage-first heap   total 555008K, used 332762K [0x00000000c0000000, 0x00000000c01010f0, 0x0000000100000000)
  region size 1024K, 1 young (1024K), 1 survivors (1024K)
 Metaspace       used 9787K, capacity 10042K, committed 10240K, reserved 1058816K
  class space    used 853K, capacity 916K, committed 1024K, reserved 1048576K
}
Event: 10.744 GC heap before
{Heap before GC invocations=81 (full 25):
 garbage-first heap   total 555008K, used 484314K [0x00000000c0000000, 0x00000000c01010f0, 0x0000000100000000)
  region size 1024K, 149 young (152576K), 1 survivors (1024K)
 Metaspace       used 9805K, capacity 10042K, committed 10240K, reserved 1058816K
  class space    used 853K, capacity 916K, committed 1024K, reserved 1048576K
}
Event: 10.744 GC heap after
{Heap after GC invocations=82 (full 25):
 garbage-first heap   total 555008K, used 332945K [0x00000000c0000000, 0x00000000c01010f0, 0x0000000100000000)
  region size 1024K, 1 young (1024K), 1 survivors (1024K)
 Metaspace       used 9805K, capacity 10042K, committed 10240K, reserved 1058816K
  class space    used 853K, capacity 916K, committed 1024K, reserved 1048576K
}
Event: 10.886 GC heap before
{Heap before GC invocations=83 (full 25):
 garbage-first heap   total 555008K, used 486545K [0x00000000c0000000, 0x00000000c01010f0, 0x0000000100000000)
  region size 1024K, 151 young (154624K), 1 survivors (1024K)
 Metaspace       used 9818K, capacity 10042K, committed 10240K, reserved 1058816K
  class space    used 854K, capacity 916K, committed 1024K, reserved 1048576K
}
Event: 10.887 GC heap after
{Heap after GC invocations=84 (full 25):
 garbage-first heap   total 555008K, used 332876K [0x00000000c0000000, 0x00000000c01010f0, 0x0000000100000000)
  region size 1024K, 1 young (1024K), 1 survivors (1024K)
 Metaspace       used 9818K, capacity 10042K, committed 10240K, reserved 1058816K
  class space    used 854K, capacity 916K, committed 1024K, reserved 1048576K
}

